<?xml version="1.0" encoding="UTF-8"?>
<!-- Generated by org.testng.reporters.JUnitReportReporter -->
<testsuite skipped="0" hostname="DESKTOP-P52D93K" name="com.qa.httpprest.apiTests.GetAPITest" tests="1" failures="0" timestamp="23 Jun 2019 13:22:02 GMT" time="2.391" errors="0">
  <testcase name="testGet" time="2.391" classname="com.qa.httpprest.apiTests.GetAPITest"/>
</testsuite> <!-- com.qa.httpprest.apiTests.GetAPITest -->
